#
# A fatal error has been detected by the Java Runtime Environment:
#
#  EXCEPTION_ACCESS_VIOLATION (0xc0000005) at pc=0x00007ffb600e45b3, pid=2956, tid=12628
#
# JRE version: OpenJDK Runtime Environment (21.0+35) (build 21+35-2513)
# Java VM: OpenJDK 64-Bit Server VM (21+35-2513, mixed mode, sharing, tiered, compressed oops, compressed class ptrs, g1 gc, windows-amd64)
# Problematic frame:
# V  [jvm.dll+0x1e45b3]
#
# No core dump will be written. Minidumps are not enabled by default on client versions of Windows
#
# If you would like to submit a bug report, please visit:
#   https://bugreport.java.com/bugreport/crash.jsp
#

---------------  S U M M A R Y ------------

Command Line: -Xmx1536M -Dsbt.supershell=false -Didea.managed=true -Dfile.encoding=UTF-8 -Didea.installation.dir=C:\Program Files\JetBrains\IntelliJ IDEA Community Edition 2023.2.5 -Dsbt.log.noformat=true -Dsun.stdout.encoding=windows-31j -Dsun.stderr.encoding=windows-31j C:\Users\harui\AppData\Roaming\JetBrains\IdeaIC2023.2\plugins\Scala\launcher\sbt-launch.jar early(addPluginSbtFile="""C:\Users\harui\AppData\Local\Temp\idea5.sbt""") ; set ideaPort in Global := 53667 ; idea-shell

Host: AMD Ryzen 7 5800H with Radeon Graphics         , 16 cores, 15G,  Windows 11 , 64 bit Build 22621 (10.0.22621.2506)
Time: Wed Nov 29 22:42:14 2023  Windows 11 , 64 bit Build 22621 (10.0.22621.2506) elapsed time: 4.074047 seconds (0d 0h 0m 4s)

---------------  T H R E A D  ---------------

Current thread (0x000001ef67235d20):  JavaThread "C2 CompilerThread4" daemon [_thread_in_native, id=12628, stack(0x000000e4d5400000,0x000000e4d5500000) (1024K)]


Current CompileTask:
C2:   4074 10159       4       scala.reflect.internal.pickling.UnPickler$Scan$$Lambda/0x000001ef015f2e90::apply (8 bytes)

Stack: [0x000000e4d5400000,0x000000e4d5500000],  sp=0x000000e4d54fc9d0,  free space=1010k
Native frames: (J=compiled Java code, j=interpreted, Vv=VM code, C=native code)
V  [jvm.dll+0x1e45b3]
V  [jvm.dll+0x1e1fb3]
V  [jvm.dll+0x249952]
V  [jvm.dll+0x248de1]
V  [jvm.dll+0x1c9b91]
V  [jvm.dll+0x2583e9]
V  [jvm.dll+0x2569ca]
V  [jvm.dll+0x3eef66]
V  [jvm.dll+0x7fd2c8]
V  [jvm.dll+0x6c748d]
C  [ucrtbase.dll+0x29363]
C  [KERNEL32.DLL+0x1257d]
C  [ntdll.dll+0x5aa58]


siginfo: EXCEPTION_ACCESS_VIOLATION (0xc0000005), reading address 0x000001f114149330


Registers:
RAX=0x000001ef760a4ed0, RBX=0x0000000000000003, RCX=0x000001ef67826668, RDX=0x0000000067829118
RSP=0x000000e4d54fc9d0, RBP=0x000001ef6afdbf80, RSI=0x000000e4d54fcee0, RDI=0xffffffffffffffff
R8 =0x00000000ffffffff, R9 =0x0000000000000001, R10=0x0000000000000000, R11=0x3333333333333333
R12=0x0000000000000001, R13=0x0000000000000008, R14=0x000001ef678266b8, R15=0x00007ffb60ab4770
RIP=0x00007ffb600e45b3, EFLAGS=0x0000000000010293


Register to memory mapping:

RAX=0x000001ef760a4ed0 points into unknown readable memory: 0x0000000000000000 | 00 00 00 00 00 00 00 00
RBX=0x0000000000000003 is an unknown value
RCX=0x000001ef67826668 points into unknown readable memory: 0x000001ef678255a0 | a0 55 82 67 ef 01 00 00
RDX=0x0000000067829118 is an unknown value
RSP=0x000000e4d54fc9d0 is pointing into the stack for thread: 0x000001ef67235d20
RBP=0x000001ef6afdbf80 points into unknown readable memory: 0x00007ffb60893f70 | 70 3f 89 60 fb 7f 00 00
RSI=0x000000e4d54fcee0 is pointing into the stack for thread: 0x000001ef67235d20
RDI=0xffffffffffffffff is an unknown value
R8 =0x00000000ffffffff is pointing into object: Ljdk.internal.vm.FillerArray; 
{0x00000000ffffe588} - klass: {type array int}
 - length: 1690
R9 =0x0000000000000001 is an unknown value
R10=0x0 is null
R11=0x3333333333333333 is an unknown value
R12=0x0000000000000001 is an unknown value
R13=0x0000000000000008 is an unknown value
R14=0x000001ef678266b8 points into unknown readable memory: 0x00007ffb6088f778 | 78 f7 88 60 fb 7f 00 00
R15=0x00007ffb60ab4770 jvm.dll

Top of Stack: (sp=0x000000e4d54fc9d0)
0x000000e4d54fc9d0:   0000000000000004 000001ef680a85b0
0x000000e4d54fc9e0:   0000000000000bf2 000001ef6afde920
0x000000e4d54fc9f0:   0000034e00000003 000000e400000003
0x000000e4d54fca00:   000001ef6afdbf80 0000000000000000
0x000000e4d54fca10:   0000000000000000 0000000000000000
0x000000e4d54fca20:   0000000000097610 000001ef695a3b60
0x000000e4d54fca30:   000000e4d54fcfc0 0000000000000001
0x000000e4d54fca40:   000001ef695a3b70 0000000000000000
0x000000e4d54fca50:   000001ef695a3f48 000000e4d54fcb70
0x000000e4d54fca60:   000000e4d54fcee0 00007ffb600e1fb3
0x000000e4d54fca70:   000000e4d54fcee0 000000e4d54fce01
0x000000e4d54fca80:   000000e4d54fcb00 00000000ffffffff
0x000000e4d54fca90:   0000000000000000 0000000000000000
0x000000e4d54fcaa0:   0000000000000007 000001ef695a3b60
0x000000e4d54fcab0:   000001ef76fd0080 000001ef77067750
0x000000e4d54fcac0:   000001ef77067750 0000000000121518
0x000000e4d54fcad0:   000001ef695a3b70 0000000000000000
0x000000e4d54fcae0:   0000000000000000 0000000000000000
0x000000e4d54fcaf0:   0000000000000010 0000000000003100
0x000000e4d54fcb00:   000001ef67a51360 00007ffb608a8640
0x000000e4d54fcb10:   0000000000000000 0000000000000000
0x000000e4d54fcb20:   0000000000000000 00007ffb608a8640
0x000000e4d54fcb30:   0000000000007f00 00007ffb5ffc3dde
0x000000e4d54fcb40:   00007ffb0000000c 000000e4d54fe3a0
0x000000e4d54fcb50:   000001ef762ce4b0 000001ef67a51300
0x000000e4d54fcb60:   000001ef76fd0090 000001ef00000dc4
0x000000e4d54fcb70:   000000e4d54fcaa0 000001ef695a3b70
0x000000e4d54fcb80:   00007ffb608a8610 000000000000000d
0x000000e4d54fcb90:   000000e4d54fe3a0 000000e4d54fcee0
0x000000e4d54fcba0:   000001ef000017d7 000001ef67a51360
0x000000e4d54fcbb0:   000000000000000a 000000e4d54fe3a0
0x000000e4d54fcbc0:   000001ef765d7440 0000000000000000 

Instructions: (pc=0x00007ffb600e45b3)
0x00007ffb600e44b3:   00 00 00 66 44 89 ab a4 00 00 00 eb 6f b8 02 00
0x00007ffb600e44c3:   00 00 48 8b b4 24 a0 00 00 00 48 8b 6c 24 30 66
0x00007ffb600e44d3:   89 83 9c 00 00 00 66 44 89 ab a4 00 00 00 eb 4c
0x00007ffb600e44e3:   b8 04 00 00 00 eb db b8 08 00 00 00 eb d4 b8 10
0x00007ffb600e44f3:   00 00 00 eb cd 49 8b cf e8 30 15 53 00 48 8b b4
0x00007ffb600e4503:   24 a0 00 00 00 48 8b 6c 24 30 66 89 83 9c 00 00
0x00007ffb600e4513:   00 66 89 83 a4 00 00 00 81 8b a8 00 00 00 00 04
0x00007ffb600e4523:   00 00 81 8b a8 00 00 00 80 00 00 00 44 0f b6 8c
0x00007ffb600e4533:   24 a8 00 00 00 41 b8 ff ff ff ff 41 8b 5e 18 89
0x00007ffb600e4543:   5c 24 28 44 89 84 24 b8 00 00 00 45 84 c9 74 38
0x00007ffb600e4553:   49 8b 06 49 8b ce ff 90 b0 00 00 00 89 84 24 b8
0x00007ffb600e4563:   00 00 00 44 8b c0 83 f8 ff 74 14 8b d0 49 8b ce
0x00007ffb600e4573:   e8 38 9a 42 00 44 8b c0 89 84 24 b8 00 00 00 44
0x00007ffb600e4583:   0f b6 8c 24 a8 00 00 00 44 3b e3 0f 83 1f 02 00
0x00007ffb600e4593:   00 41 8b c4 4c 8d 2c c5 00 00 00 00 90 49 8b 46
0x00007ffb600e45a3:   08 4a 8b 0c 28 48 8b 86 08 01 00 00 48 63 51 28
0x00007ffb600e45b3:   8b 1c 90 85 db 0f 84 cc 01 00 00 45 84 c9 74 11
0x00007ffb600e45c3:   45 3b c4 75 0c 49 8b 06 49 8b ce ff 90 d8 00 00
0x00007ffb600e45d3:   00 80 bc 24 b0 00 00 00 00 74 17 80 be 18 01 00
0x00007ffb600e45e3:   00 00 74 0e 41 0f b7 46 3a 44 3b e0 0f 83 95 01
0x00007ffb600e45f3:   00 00 48 8b 46 70 41 8b d4 48 69 fb b0 00 00 00
0x00007ffb600e4603:   49 8b ce 48 03 78 20 49 8b 06 ff 90 80 00 00 00
0x00007ffb600e4613:   80 bc 24 a8 00 00 00 00 4c 8b f8 75 2c 49 8b 4e
0x00007ffb600e4623:   08 f2 0f 10 4d 08 f2 0f 59 ce 4a 8b 14 29 48 8b
0x00007ffb600e4633:   4e 48 44 8b 42 28 48 8b 51 78 4a 8b 0c c2 f2 0f
0x00007ffb600e4643:   10 41 08 66 0f 2f c1 77 4b 8b 97 90 00 00 00 8b
0x00007ffb600e4653:   87 94 00 00 00 3b d0 77 1b 0f 1f 40 00 8b ca ff
0x00007ffb600e4663:   c2 49 8b 04 cf 48 21 44 cf 38 8b 87 94 00 00 00
0x00007ffb600e4673:   3b d0 76 e9 41 8b 4f 58 39 8f 90 00 00 00 73 06
0x00007ffb600e4683:   89 8f 90 00 00 00 41 8b 4f 5c 3b c1 76 06 89 8f
0x00007ffb600e4693:   94 00 00 00 49 8b 46 08 4a 8b 0c 28 48 8b 01 ff
0x00007ffb600e46a3:   50 68 8b c8 8b d8 e8 12 19 53 00 8b d3 48 8d 4f 


Stack slot to memory mapping:

stack at sp + 0 slots: 0x0000000000000004 is an unknown value
stack at sp + 1 slots: 0x000001ef680a85b0 points into unknown readable memory: 0x00007ffb60823e78 | 78 3e 82 60 fb 7f 00 00
stack at sp + 2 slots: 0x0000000000000bf2 is an unknown value
stack at sp + 3 slots: 0x000001ef6afde920 points into unknown readable memory: 0x00007ffb60893f70 | 70 3f 89 60 fb 7f 00 00
stack at sp + 4 slots: 0x0000034e00000003 is an unknown value
stack at sp + 5 slots: 0x000000e400000003 is an unknown value
stack at sp + 6 slots: 0x000001ef6afdbf80 points into unknown readable memory: 0x00007ffb60893f70 | 70 3f 89 60 fb 7f 00 00
stack at sp + 7 slots: 0x0 is null


---------------  P R O C E S S  ---------------

Threads class SMR info:
_java_thread_list=0x000001ef6c31d100, length=49, elements={
0x000001ef4298b0d0, 0x000001ef6170b4e0, 0x000001ef6170c300, 0x000001ef6170f600,
0x000001ef61712a30, 0x000001ef61713c30, 0x000001ef61718fc0, 0x000001ef61725540,
0x000001ef617265f0, 0x000001ef61824fb0, 0x000001ef618dd740, 0x000001ef618e2ba0,
0x000001ef61979dd0, 0x000001ef61a9c440, 0x000001ef61afd3f0, 0x000001ef666f1b10,
0x000001ef666f2180, 0x000001ef66369cc0, 0x000001ef6607e5a0, 0x000001ef6607f010,
0x000001ef66ac6ea0, 0x000001ef672341e0, 0x000001ef67234f80, 0x000001ef66ac8f70,
0x000001ef67235d20, 0x000001ef67236ac0, 0x000001ef66ac9600, 0x000001ef6ca8d020,
0x000001ef6ca8a8c0, 0x000001ef6a4f7830, 0x000001ef6a4f50d0, 0x000001ef6a4f5760,
0x000001ef6a4f6480, 0x000001ef6f81bbb0, 0x000001ef6f81ae90, 0x000001ef6f818dc0,
0x000001ef6f81c240, 0x000001ef6f81b520, 0x000001ef6f81cf60, 0x000001ef6f8180a0,
0x000001ef6f819450, 0x000001ef6f819ae0, 0x000001ef6f81c8d0, 0x000001ef6f81f6c0,
0x000001ef6f81d5f0, 0x000001ef69cc1680, 0x000001ef69cc02d0, 0x000001ef6d123050,
0x000001ef6d128210
}

Java Threads: ( => current thread )
  0x000001ef4298b0d0 JavaThread "main"                              [_thread_in_vm, id=10128, stack(0x000000e4d2600000,0x000000e4d2700000) (1024K)]
  0x000001ef6170b4e0 JavaThread "Reference Handler"          daemon [_thread_blocked, id=6400, stack(0x000000e4d2e00000,0x000000e4d2f00000) (1024K)]
  0x000001ef6170c300 JavaThread "Finalizer"                  daemon [_thread_blocked, id=18532, stack(0x000000e4d2f00000,0x000000e4d3000000) (1024K)]
  0x000001ef6170f600 JavaThread "Signal Dispatcher"          daemon [_thread_blocked, id=18888, stack(0x000000e4d3000000,0x000000e4d3100000) (1024K)]
  0x000001ef61712a30 JavaThread "Attach Listener"            daemon [_thread_blocked, id=8444, stack(0x000000e4d3100000,0x000000e4d3200000) (1024K)]
  0x000001ef61713c30 JavaThread "Service Thread"             daemon [_thread_blocked, id=9816, stack(0x000000e4d3200000,0x000000e4d3300000) (1024K)]
  0x000001ef61718fc0 JavaThread "Monitor Deflation Thread"   daemon [_thread_blocked, id=10900, stack(0x000000e4d3300000,0x000000e4d3400000) (1024K)]
  0x000001ef61725540 JavaThread "C2 CompilerThread0"         daemon [_thread_in_native, id=16700, stack(0x000000e4d3400000,0x000000e4d3500000) (1024K)]
  0x000001ef617265f0 JavaThread "C1 CompilerThread0"         daemon [_thread_blocked, id=13976, stack(0x000000e4d3500000,0x000000e4d3600000) (1024K)]
  0x000001ef61824fb0 JavaThread "C1 CompilerThread1"         daemon [_thread_blocked, id=13988, stack(0x000000e4d3600000,0x000000e4d3700000) (1024K)]
  0x000001ef618dd740 JavaThread "Notification Thread"        daemon [_thread_blocked, id=14892, stack(0x000000e4d3700000,0x000000e4d3800000) (1024K)]
  0x000001ef618e2ba0 JavaThread "Common-Cleaner"             daemon [_thread_blocked, id=13980, stack(0x000000e4d3800000,0x000000e4d3900000) (1024K)]
  0x000001ef61979dd0 JavaThread "C1 CompilerThread2"         daemon [_thread_blocked, id=13044, stack(0x000000e4d3900000,0x000000e4d3a00000) (1024K)]
  0x000001ef61a9c440 JavaThread "C1 CompilerThread3"         daemon [_thread_in_native, id=11336, stack(0x000000e4d3a00000,0x000000e4d3b00000) (1024K)]
  0x000001ef61afd3f0 JavaThread "C2 CompilerThread1"         daemon [_thread_in_vm, id=15108, stack(0x000000e4d3b00000,0x000000e4d3c00000) (1024K)]
  0x000001ef666f1b10 JavaThread "pool-1-thread-1"                   [_thread_blocked, id=13108, stack(0x000000e4d4000000,0x000000e4d4100000) (1024K)]
  0x000001ef666f2180 JavaThread "pool-1-thread-2"                   [_thread_blocked, id=5420, stack(0x000000e4d4100000,0x000000e4d4200000) (1024K)]
  0x000001ef66369cc0 JavaThread "pool-1-thread-3"                   [_thread_blocked, id=15144, stack(0x000000e4d4200000,0x000000e4d4300000) (1024K)]
  0x000001ef6607e5a0 JavaThread "pool-1-thread-4"                   [_thread_blocked, id=16020, stack(0x000000e4d4300000,0x000000e4d4400000) (1024K)]
  0x000001ef6607f010 JavaThread "pool-1-thread-5"                   [_thread_blocked, id=11744, stack(0x000000e4d4400000,0x000000e4d4500000) (1024K)]
  0x000001ef66ac6ea0 JavaThread "JNA Cleaner"                daemon [_thread_blocked, id=4856, stack(0x000000e4d4d00000,0x000000e4d4e00000) (1024K)]
  0x000001ef672341e0 JavaThread "C2 CompilerThread2"         daemon [_thread_blocked, id=14968, stack(0x000000e4d5000000,0x000000e4d5100000) (1024K)]
  0x000001ef67234f80 JavaThread "C2 CompilerThread3"         daemon [_thread_in_native, id=10052, stack(0x000000e4d5100000,0x000000e4d5200000) (1024K)]
  0x000001ef66ac8f70 JavaThread "boot-server-socket-thread-1"        [_thread_in_native, id=9884, stack(0x000000e4d5200000,0x000000e4d5300000) (1024K)]
=>0x000001ef67235d20 JavaThread "C2 CompilerThread4"         daemon [_thread_in_native, id=12628, stack(0x000000e4d5400000,0x000000e4d5500000) (1024K)]
  0x000001ef67236ac0 JavaThread "C2 CompilerThread5"         daemon [_thread_in_native, id=19952, stack(0x000000e4d5500000,0x000000e4d5600000) (1024K)]
  0x000001ef66ac9600 JavaThread "sbt-console-input-reader"          [_thread_blocked, id=15900, stack(0x000000e4d5800000,0x000000e4d5900000) (1024K)]
  0x000001ef6ca8d020 JavaThread "classloader-cache-cleanup-0" daemon [_thread_blocked, id=17732, stack(0x000000e4d5900000,0x000000e4d5a00000) (1024K)]
  0x000001ef6ca8a8c0 JavaThread "sbt-command-exchange-fastTrack" daemon [_thread_blocked, id=6380, stack(0x000000e4d5a00000,0x000000e4d5b00000) (1024K)]
  0x000001ef6a4f7830 JavaThread "scala-execution-context-global-58" daemon [_thread_blocked, id=7152, stack(0x000000e4d4500000,0x000000e4d4600000) (1024K)]
  0x000001ef6a4f50d0 JavaThread "scala-execution-context-global-59" daemon [_thread_blocked, id=17492, stack(0x000000e4d5b00000,0x000000e4d5c00000) (1024K)]
  0x000001ef6a4f5760 JavaThread "scala-execution-context-global-61" daemon [_thread_blocked, id=2544, stack(0x000000e4d5c00000,0x000000e4d5d00000) (1024K)]
  0x000001ef6a4f6480 JavaThread "scala-execution-context-global-60" daemon [_thread_blocked, id=7128, stack(0x000000e4d5d00000,0x000000e4d5e00000) (1024K)]
  0x000001ef6f81bbb0 JavaThread "scala-execution-context-global-62" daemon [_thread_blocked, id=13820, stack(0x000000e4d5e00000,0x000000e4d5f00000) (1024K)]
  0x000001ef6f81ae90 JavaThread "scala-execution-context-global-63" daemon [_thread_blocked, id=11024, stack(0x000000e4d5f00000,0x000000e4d6000000) (1024K)]
  0x000001ef6f818dc0 JavaThread "scala-execution-context-global-64" daemon [_thread_blocked, id=1492, stack(0x000000e4d6000000,0x000000e4d6100000) (1024K)]
  0x000001ef6f81c240 JavaThread "scala-execution-context-global-65" daemon [_thread_blocked, id=8440, stack(0x000000e4d6100000,0x000000e4d6200000) (1024K)]
  0x000001ef6f81b520 JavaThread "scala-execution-context-global-66" daemon [_thread_blocked, id=3052, stack(0x000000e4d6200000,0x000000e4d6300000) (1024K)]
  0x000001ef6f81cf60 JavaThread "scala-execution-context-global-68" daemon [_thread_blocked, id=6492, stack(0x000000e4d6300000,0x000000e4d6400000) (1024K)]
  0x000001ef6f8180a0 JavaThread "scala-execution-context-global-67" daemon [_thread_blocked, id=1544, stack(0x000000e4d6400000,0x000000e4d6500000) (1024K)]
  0x000001ef6f819450 JavaThread "scala-execution-context-global-69" daemon [_thread_blocked, id=17016, stack(0x000000e4d6500000,0x000000e4d6600000) (1024K)]
  0x000001ef6f819ae0 JavaThread "scala-execution-context-global-70" daemon [_thread_blocked, id=20132, stack(0x000000e4d6600000,0x000000e4d6700000) (1024K)]
  0x000001ef6f81c8d0 JavaThread "scala-execution-context-global-71" daemon [_thread_blocked, id=6036, stack(0x000000e4d6700000,0x000000e4d6800000) (1024K)]
  0x000001ef6f81f6c0 JavaThread "scala-execution-context-global-72" daemon [_thread_blocked, id=13664, stack(0x000000e4d6800000,0x000000e4d6900000) (1024K)]
  0x000001ef6f81d5f0 JavaThread "scala-execution-context-global-73" daemon [_thread_blocked, id=17312, stack(0x000000e4d6900000,0x000000e4d6a00000) (1024K)]
  0x000001ef69cc1680 JavaThread "sbt-task-progress-report-thread"        [_thread_blocked, id=18096, stack(0x000000e4d6a00000,0x000000e4d6b00000) (1024K)]
  0x000001ef69cc02d0 JavaThread "sbt-progress-report-scheduler"        [_thread_blocked, id=2480, stack(0x000000e4d6e00000,0x000000e4d6f00000) (1024K)]
  0x000001ef6d123050 JavaThread "C2 CompilerThread6"         daemon [_thread_in_native, id=12128, stack(0x000000e4d5600000,0x000000e4d5700000) (1024K)]
  0x000001ef6d128210 JavaThread "C2 CompilerThread7"         daemon [_thread_in_native, id=16456, stack(0x000000e4d5700000,0x000000e4d5800000) (1024K)]
Total: 49

Other Threads:
  0x000001ef6164f910 VMThread "VM Thread"                           [id=11184, stack(0x000000e4d2d00000,0x000000e4d2e00000) (1024K)]
  0x000001ef61636430 WatcherThread "VM Periodic Task Thread"        [id=11208, stack(0x000000e4d2c00000,0x000000e4d2d00000) (1024K)]
  0x000001ef44beb4a0 WorkerThread "GC Thread#0"                     [id=3700, stack(0x000000e4d2700000,0x000000e4d2800000) (1024K)]
  0x000001ef6627eb60 WorkerThread "GC Thread#1"                     [id=4532, stack(0x000000e4d3c00000,0x000000e4d3d00000) (1024K)]
  0x000001ef6627ef00 WorkerThread "GC Thread#2"                     [id=13332, stack(0x000000e4d3d00000,0x000000e4d3e00000) (1024K)]
  0x000001ef6627f6a0 WorkerThread "GC Thread#3"                     [id=5972, stack(0x000000e4d3e00000,0x000000e4d3f00000) (1024K)]
  0x000001ef664227a0 WorkerThread "GC Thread#4"                     [id=13224, stack(0x000000e4d3f00000,0x000000e4d4000000) (1024K)]
  0x000001ef66e08f90 WorkerThread "GC Thread#5"                     [id=3380, stack(0x000000e4d4600000,0x000000e4d4700000) (1024K)]
  0x000001ef66dfdfd0 WorkerThread "GC Thread#6"                     [id=10012, stack(0x000000e4d4700000,0x000000e4d4800000) (1024K)]
  0x000001ef66dfed20 WorkerThread "GC Thread#7"                     [id=8468, stack(0x000000e4d4800000,0x000000e4d4900000) (1024K)]
  0x000001ef66e3f840 WorkerThread "GC Thread#8"                     [id=11020, stack(0x000000e4d4900000,0x000000e4d4a00000) (1024K)]
  0x000001ef66e40320 WorkerThread "GC Thread#9"                     [id=7316, stack(0x000000e4d4a00000,0x000000e4d4b00000) (1024K)]
  0x000001ef66e40e00 WorkerThread "GC Thread#10"                    [id=7208, stack(0x000000e4d4b00000,0x000000e4d4c00000) (1024K)]
  0x000001ef66e406c0 WorkerThread "GC Thread#11"                    [id=10348, stack(0x000000e4d4c00000,0x000000e4d4d00000) (1024K)]
  0x000001ef671e4190 WorkerThread "GC Thread#12"                    [id=10016, stack(0x000000e4d5300000,0x000000e4d5400000) (1024K)]
  0x000001ef44bf8630 ConcurrentGCThread "G1 Main Marker"            [id=7772, stack(0x000000e4d2800000,0x000000e4d2900000) (1024K)]
  0x000001ef44bf9130 WorkerThread "G1 Conc#0"                       [id=17008, stack(0x000000e4d2900000,0x000000e4d2a00000) (1024K)]
  0x000001ef671e2f70 WorkerThread "G1 Conc#1"                       [id=10796, stack(0x000000e4d4e00000,0x000000e4d4f00000) (1024K)]
  0x000001ef671e3310 WorkerThread "G1 Conc#2"                       [id=10252, stack(0x000000e4d4f00000,0x000000e4d5000000) (1024K)]
  0x000001ef6150a9e0 ConcurrentGCThread "G1 Refine#0"               [id=7460, stack(0x000000e4d2a00000,0x000000e4d2b00000) (1024K)]
  0x000001ef6150b200 ConcurrentGCThread "G1 Service"                [id=4640, stack(0x000000e4d2b00000,0x000000e4d2c00000) (1024K)]
Total: 21

Threads with active compile tasks:
C2 CompilerThread0     4132 10641       4       scala.collection.generic.GenericTraversableTemplate$$Lambda/0x000001ef01ac16c0::apply (17 bytes)
C1 CompilerThread3     4132 10600       3       scala.tools.nsc.transform.SpecializeTypes::$anonfun$specializeClass$18 (2002 bytes)
C2 CompilerThread1     4132 10259   !   4       scala.reflect.internal.tpe.TypeMaps$TypeMap::mapOver (2225 bytes)
C2 CompilerThread3     4132 10642       4       scala.collection.generic.GenericTraversableTemplate::$anonfun$unzip$1 (61 bytes)
C2 CompilerThread4     4132 10159       4       scala.reflect.internal.pickling.UnPickler$Scan$$Lambda/0x000001ef015f2e90::apply (8 bytes)
C2 CompilerThread5     4132 10516       4       scala.reflect.internal.tpe.TypeComparers::firstTry$1 (445 bytes)
C2 CompilerThread6     4132 10437       4       jdk.internal.jimage.ImageLocation::getFullName (109 bytes)
C2 CompilerThread7     4132 10631       4       scala.reflect.internal.tpe.TypeMaps$AsSeenFromMap::classParameterAsSeen (42 bytes)
Total: 8

VM state: not at safepoint (normal execution)

VM Mutex/Monitor currently owned by a thread: None

Heap address: 0x00000000a0000000, size: 1536 MB, Compressed Oops mode: 32-bit

CDS archive(s) mapped at: [0x000001ef00000000-0x000001ef00c90000-0x000001ef00c90000), size 13172736, SharedBaseAddress: 0x000001ef00000000, ArchiveRelocationMode: 1.
Compressed class space mapped at: 0x000001ef01000000-0x000001ef41000000, reserved size: 1073741824
Narrow klass base: 0x000001ef00000000, Narrow klass shift: 0, Narrow klass range: 0x100000000

GC Precious Log:
 CardTable entry size: 512
 Card Set container configuration: InlinePtr #cards 5 size 8 Array Of Cards #cards 12 size 40 Howl #buckets 4 coarsen threshold 1843 Howl Bitmap #cards 512 size 80 coarsen threshold 460 Card regions per heap region 1 cards per card region 2048
 CPUs: 16 total, 16 available
 Memory: 15724M
 Large Page Support: Disabled
 NUMA Support: Disabled
 Compressed Oops: Enabled (32-bit)
 Heap Region Size: 1M
 Heap Min Capacity: 8M
 Heap Initial Capacity: 246M
 Heap Max Capacity: 1536M
 Pre-touch: Disabled
 Parallel Workers: 13
 Concurrent Workers: 3
 Concurrent Refinement Workers: 13
 Periodic GC: Disabled

Heap:
 garbage-first heap   total 102400K, used 62039K [0x00000000a0000000, 0x0000000100000000)
  region size 1024K, 17 young (17408K), 6 survivors (6144K)
 Metaspace       used 79925K, committed 80576K, reserved 1179648K
  class space    used 10956K, committed 11264K, reserved 1048576K

Heap Regions: E=young(eden), S=young(survivor), O=old, HS=humongous(starts), HC=humongous(continues), CS=collection set, F=free, TAMS=top-at-mark-start, PB=parsable bottom
|   0|0x00000000a0000000, 0x00000000a0100000, 0x00000000a0100000|100%| O|  |TAMS 0x00000000a0000000| PB 0x00000000a0000000| Untracked 
|   1|0x00000000a0100000, 0x00000000a0200000, 0x00000000a0200000|100%| O|  |TAMS 0x00000000a0100000| PB 0x00000000a0100000| Untracked 
|   2|0x00000000a0200000, 0x00000000a0300000, 0x00000000a0300000|100%| O|  |TAMS 0x00000000a0200000| PB 0x00000000a0200000| Untracked 
|   3|0x00000000a0300000, 0x00000000a0400000, 0x00000000a0400000|100%| O|  |TAMS 0x00000000a0300000| PB 0x00000000a0300000| Untracked 
|   4|0x00000000a0400000, 0x00000000a0500000, 0x00000000a0500000|100%| O|  |TAMS 0x00000000a0400000| PB 0x00000000a0400000| Untracked 
|   5|0x00000000a0500000, 0x00000000a0600000, 0x00000000a0600000|100%| O|  |TAMS 0x00000000a0500000| PB 0x00000000a0500000| Untracked 
|   6|0x00000000a0600000, 0x00000000a0700000, 0x00000000a0700000|100%| O|  |TAMS 0x00000000a0600000| PB 0x00000000a0600000| Untracked 
|   7|0x00000000a0700000, 0x00000000a0800000, 0x00000000a0800000|100%| O|  |TAMS 0x00000000a0700000| PB 0x00000000a0700000| Untracked 
|   8|0x00000000a0800000, 0x00000000a0900000, 0x00000000a0900000|100%| O|  |TAMS 0x00000000a0800000| PB 0x00000000a0800000| Untracked 
|   9|0x00000000a0900000, 0x00000000a0a00000, 0x00000000a0a00000|100%| O|  |TAMS 0x00000000a0900000| PB 0x00000000a0900000| Untracked 
|  10|0x00000000a0a00000, 0x00000000a0b00000, 0x00000000a0b00000|100%| O|  |TAMS 0x00000000a0a00000| PB 0x00000000a0a00000| Untracked 
|  11|0x00000000a0b00000, 0x00000000a0c00000, 0x00000000a0c00000|100%| O|  |TAMS 0x00000000a0b00000| PB 0x00000000a0b00000| Untracked 
|  12|0x00000000a0c00000, 0x00000000a0d00000, 0x00000000a0d00000|100%| O|  |TAMS 0x00000000a0c00000| PB 0x00000000a0c00000| Untracked 
|  13|0x00000000a0d00000, 0x00000000a0e00000, 0x00000000a0e00000|100%| O|  |TAMS 0x00000000a0d00000| PB 0x00000000a0d00000| Untracked 
|  14|0x00000000a0e00000, 0x00000000a0f00000, 0x00000000a0f00000|100%| O|  |TAMS 0x00000000a0e00000| PB 0x00000000a0e00000| Untracked 
|  15|0x00000000a0f00000, 0x00000000a1000000, 0x00000000a1000000|100%| O|  |TAMS 0x00000000a0f00000| PB 0x00000000a0f00000| Untracked 
|  16|0x00000000a1000000, 0x00000000a1100000, 0x00000000a1100000|100%| O|  |TAMS 0x00000000a1000000| PB 0x00000000a1000000| Untracked 
|  17|0x00000000a1100000, 0x00000000a1200000, 0x00000000a1200000|100%| O|  |TAMS 0x00000000a1100000| PB 0x00000000a1100000| Untracked 
|  18|0x00000000a1200000, 0x00000000a1300000, 0x00000000a1300000|100%| O|  |TAMS 0x00000000a1200000| PB 0x00000000a1200000| Untracked 
|  19|0x00000000a1300000, 0x00000000a1400000, 0x00000000a1400000|100%| O|  |TAMS 0x00000000a1300000| PB 0x00000000a1300000| Untracked 
|  20|0x00000000a1400000, 0x00000000a1500000, 0x00000000a1500000|100%| O|  |TAMS 0x00000000a1400000| PB 0x00000000a1400000| Untracked 
|  21|0x00000000a1500000, 0x00000000a1600000, 0x00000000a1600000|100%| O|  |TAMS 0x00000000a1500000| PB 0x00000000a1500000| Untracked 
|  22|0x00000000a1600000, 0x00000000a1700000, 0x00000000a1700000|100%| O|  |TAMS 0x00000000a1600000| PB 0x00000000a1600000| Untracked 
|  23|0x00000000a1700000, 0x00000000a1800000, 0x00000000a1800000|100%| O|  |TAMS 0x00000000a1700000| PB 0x00000000a1700000| Untracked 
|  24|0x00000000a1800000, 0x00000000a1900000, 0x00000000a1900000|100%| O|  |TAMS 0x00000000a1800000| PB 0x00000000a1800000| Untracked 
|  25|0x00000000a1900000, 0x00000000a1a00000, 0x00000000a1a00000|100%| O|  |TAMS 0x00000000a1900000| PB 0x00000000a1900000| Untracked 
|  26|0x00000000a1a00000, 0x00000000a1b00000, 0x00000000a1b00000|100%| O|  |TAMS 0x00000000a1a00000| PB 0x00000000a1a00000| Untracked 
|  27|0x00000000a1b00000, 0x00000000a1c00000, 0x00000000a1c00000|100%| O|  |TAMS 0x00000000a1b00000| PB 0x00000000a1b00000| Untracked 
|  28|0x00000000a1c00000, 0x00000000a1d00000, 0x00000000a1d00000|100%| O|  |TAMS 0x00000000a1c00000| PB 0x00000000a1c00000| Untracked 
|  29|0x00000000a1d00000, 0x00000000a1e00000, 0x00000000a1e00000|100%| O|  |TAMS 0x00000000a1d00000| PB 0x00000000a1d00000| Untracked 
|  30|0x00000000a1e00000, 0x00000000a1f00000, 0x00000000a1f00000|100%| O|  |TAMS 0x00000000a1e00000| PB 0x00000000a1e00000| Untracked 
|  31|0x00000000a1f00000, 0x00000000a2000000, 0x00000000a2000000|100%| O|  |TAMS 0x00000000a1f00000| PB 0x00000000a1f00000| Untracked 
|  32|0x00000000a2000000, 0x00000000a2000000, 0x00000000a2100000|  0%| F|  |TAMS 0x00000000a2000000| PB 0x00000000a2000000| Untracked 
|  33|0x00000000a2100000, 0x00000000a2100000, 0x00000000a2200000|  0%| F|  |TAMS 0x00000000a2100000| PB 0x00000000a2100000| Untracked 
|  34|0x00000000a2200000, 0x00000000a2200000, 0x00000000a2300000|  0%| F|  |TAMS 0x00000000a2200000| PB 0x00000000a2200000| Untracked 
|  35|0x00000000a2300000, 0x00000000a2300000, 0x00000000a2400000|  0%| F|  |TAMS 0x00000000a2300000| PB 0x00000000a2300000| Untracked 
|  36|0x00000000a2400000, 0x00000000a2400000, 0x00000000a2500000|  0%| F|  |TAMS 0x00000000a2400000| PB 0x00000000a2400000| Untracked 
|  37|0x00000000a2500000, 0x00000000a2500000, 0x00000000a2600000|  0%| F|  |TAMS 0x00000000a2500000| PB 0x00000000a2500000| Untracked 
|  38|0x00000000a2600000, 0x00000000a2600000, 0x00000000a2700000|  0%| F|  |TAMS 0x00000000a2600000| PB 0x00000000a2600000| Untracked 
|  39|0x00000000a2700000, 0x00000000a2700000, 0x00000000a2800000|  0%| F|  |TAMS 0x00000000a2700000| PB 0x00000000a2700000| Untracked 
|  40|0x00000000a2800000, 0x00000000a2900000, 0x00000000a2900000|100%|HS|  |TAMS 0x00000000a2800000| PB 0x00000000a2800000| Complete 
|  41|0x00000000a2900000, 0x00000000a2a00000, 0x00000000a2a00000|100%| O|  |TAMS 0x00000000a2900000| PB 0x00000000a2900000| Untracked 
|  42|0x00000000a2a00000, 0x00000000a2b00000, 0x00000000a2b00000|100%| O|  |TAMS 0x00000000a2a00000| PB 0x00000000a2a00000| Untracked 
|  43|0x00000000a2b00000, 0x00000000a2c00000, 0x00000000a2c00000|100%| O|  |TAMS 0x00000000a2b00000| PB 0x00000000a2b00000| Untracked 
|  44|0x00000000a2c00000, 0x00000000a2d00000, 0x00000000a2d00000|100%| O|  |TAMS 0x00000000a2c00000| PB 0x00000000a2c00000| Untracked 
|  45|0x00000000a2d00000, 0x00000000a2e00000, 0x00000000a2e00000|100%| O|  |TAMS 0x00000000a2d00000| PB 0x00000000a2d00000| Untracked 
|  46|0x00000000a2e00000, 0x00000000a2f00000, 0x00000000a2f00000|100%| O|  |TAMS 0x00000000a2e00000| PB 0x00000000a2e00000| Untracked 
|  47|0x00000000a2f00000, 0x00000000a3000000, 0x00000000a3000000|100%| O|  |TAMS 0x00000000a2f00000| PB 0x00000000a2f00000| Untracked 
|  48|0x00000000a3000000, 0x00000000a3100000, 0x00000000a3100000|100%| O|  |TAMS 0x00000000a3000000| PB 0x00000000a3000000| Untracked 
|  49|0x00000000a3100000, 0x00000000a3195eb0, 0x00000000a3200000| 58%| O|  |TAMS 0x00000000a3100000| PB 0x00000000a3100000| Untracked 
|  50|0x00000000a3200000, 0x00000000a3200000, 0x00000000a3300000|  0%| F|  |TAMS 0x00000000a3200000| PB 0x00000000a3200000| Untracked 
|  51|0x00000000a3300000, 0x00000000a3300000, 0x00000000a3400000|  0%| F|  |TAMS 0x00000000a3300000| PB 0x00000000a3300000| Untracked 
|  52|0x00000000a3400000, 0x00000000a3400000, 0x00000000a3500000|  0%| F|  |TAMS 0x00000000a3400000| PB 0x00000000a3400000| Untracked 
|  53|0x00000000a3500000, 0x00000000a3500000, 0x00000000a3600000|  0%| F|  |TAMS 0x00000000a3500000| PB 0x00000000a3500000| Untracked 
|  54|0x00000000a3600000, 0x00000000a3600000, 0x00000000a3700000|  0%| F|  |TAMS 0x00000000a3600000| PB 0x00000000a3600000| Untracked 
|  55|0x00000000a3700000, 0x00000000a3800000, 0x00000000a3800000|100%| S|CS|TAMS 0x00000000a3700000| PB 0x00000000a3700000| Complete 
|  56|0x00000000a3800000, 0x00000000a3900000, 0x00000000a3900000|100%| S|CS|TAMS 0x00000000a3800000| PB 0x00000000a3800000| Complete 
|  57|0x00000000a3900000, 0x00000000a3a00000, 0x00000000a3a00000|100%| S|CS|TAMS 0x00000000a3900000| PB 0x00000000a3900000| Complete 
|  58|0x00000000a3a00000, 0x00000000a3b00000, 0x00000000a3b00000|100%| S|CS|TAMS 0x00000000a3a00000| PB 0x00000000a3a00000| Complete 
|  59|0x00000000a3b00000, 0x00000000a3c00000, 0x00000000a3c00000|100%| S|CS|TAMS 0x00000000a3b00000| PB 0x00000000a3b00000| Complete 
|  60|0x00000000a3c00000, 0x00000000a3d00000, 0x00000000a3d00000|100%| S|CS|TAMS 0x00000000a3c00000| PB 0x00000000a3c00000| Complete 
|  61|0x00000000a3d00000, 0x00000000a3d00000, 0x00000000a3e00000|  0%| F|  |TAMS 0x00000000a3d00000| PB 0x00000000a3d00000| Untracked 
|  62|0x00000000a3e00000, 0x00000000a3e00000, 0x00000000a3f00000|  0%| F|  |TAMS 0x00000000a3e00000| PB 0x00000000a3e00000| Untracked 
|  63|0x00000000a3f00000, 0x00000000a3f00000, 0x00000000a4000000|  0%| F|  |TAMS 0x00000000a3f00000| PB 0x00000000a3f00000| Untracked 
|  64|0x00000000a4000000, 0x00000000a4000000, 0x00000000a4100000|  0%| F|  |TAMS 0x00000000a4000000| PB 0x00000000a4000000| Untracked 
|  65|0x00000000a4100000, 0x00000000a4100000, 0x00000000a4200000|  0%| F|  |TAMS 0x00000000a4100000| PB 0x00000000a4100000| Untracked 
|  66|0x00000000a4200000, 0x00000000a4200000, 0x00000000a4300000|  0%| F|  |TAMS 0x00000000a4200000| PB 0x00000000a4200000| Untracked 
|  67|0x00000000a4300000, 0x00000000a4300000, 0x00000000a4400000|  0%| F|  |TAMS 0x00000000a4300000| PB 0x00000000a4300000| Untracked 
|  68|0x00000000a4400000, 0x00000000a4400000, 0x00000000a4500000|  0%| F|  |TAMS 0x00000000a4400000| PB 0x00000000a4400000| Untracked 
|  69|0x00000000a4500000, 0x00000000a4500000, 0x00000000a4600000|  0%| F|  |TAMS 0x00000000a4500000| PB 0x00000000a4500000| Untracked 
|  70|0x00000000a4600000, 0x00000000a4600000, 0x00000000a4700000|  0%| F|  |TAMS 0x00000000a4600000| PB 0x00000000a4600000| Untracked 
|  71|0x00000000a4700000, 0x00000000a4700000, 0x00000000a4800000|  0%| F|  |TAMS 0x00000000a4700000| PB 0x00000000a4700000| Untracked 
|  72|0x00000000a4800000, 0x00000000a4800000, 0x00000000a4900000|  0%| F|  |TAMS 0x00000000a4800000| PB 0x00000000a4800000| Untracked 
|  73|0x00000000a4900000, 0x00000000a4900000, 0x00000000a4a00000|  0%| F|  |TAMS 0x00000000a4900000| PB 0x00000000a4900000| Untracked 
|  74|0x00000000a4a00000, 0x00000000a4a00000, 0x00000000a4b00000|  0%| F|  |TAMS 0x00000000a4a00000| PB 0x00000000a4a00000| Untracked 
|  75|0x00000000a4b00000, 0x00000000a4b00000, 0x00000000a4c00000|  0%| F|  |TAMS 0x00000000a4b00000| PB 0x00000000a4b00000| Untracked 
|  76|0x00000000a4c00000, 0x00000000a4c00000, 0x00000000a4d00000|  0%| F|  |TAMS 0x00000000a4c00000| PB 0x00000000a4c00000| Untracked 
|  77|0x00000000a4d00000, 0x00000000a4d00000, 0x00000000a4e00000|  0%| F|  |TAMS 0x00000000a4d00000| PB 0x00000000a4d00000| Untracked 
|  78|0x00000000a4e00000, 0x00000000a4e00000, 0x00000000a4f00000|  0%| F|  |TAMS 0x00000000a4e00000| PB 0x00000000a4e00000| Untracked 
|  79|0x00000000a4f00000, 0x00000000a4f00000, 0x00000000a5000000|  0%| F|  |TAMS 0x00000000a4f00000| PB 0x00000000a4f00000| Untracked 
|  80|0x00000000a5000000, 0x00000000a5000000, 0x00000000a5100000|  0%| F|  |TAMS 0x00000000a5000000| PB 0x00000000a5000000| Untracked 
|  81|0x00000000a5100000, 0x00000000a5100000, 0x00000000a5200000|  0%| F|  |TAMS 0x00000000a5100000| PB 0x00000000a5100000| Untracked 
|  82|0x00000000a5200000, 0x00000000a5200000, 0x00000000a5300000|  0%| F|  |TAMS 0x00000000a5200000| PB 0x00000000a5200000| Untracked 
|  83|0x00000000a5300000, 0x00000000a5300000, 0x00000000a5400000|  0%| F|  |TAMS 0x00000000a5300000| PB 0x00000000a5300000| Untracked 
|  84|0x00000000a5400000, 0x00000000a5400000, 0x00000000a5500000|  0%| F|  |TAMS 0x00000000a5400000| PB 0x00000000a5400000| Untracked 
|  85|0x00000000a5500000, 0x00000000a5500000, 0x00000000a5600000|  0%| F|  |TAMS 0x00000000a5500000| PB 0x00000000a5500000| Untracked 
|  86|0x00000000a5600000, 0x00000000a56f28e8, 0x00000000a5700000| 94%| E|  |TAMS 0x00000000a5600000| PB 0x00000000a5600000| Complete 
|  87|0x00000000a5700000, 0x00000000a5800000, 0x00000000a5800000|100%| E|CS|TAMS 0x00000000a5700000| PB 0x00000000a5700000| Complete 
|  88|0x00000000a5800000, 0x00000000a5900000, 0x00000000a5900000|100%| E|CS|TAMS 0x00000000a5800000| PB 0x00000000a5800000| Complete 
|  89|0x00000000a5900000, 0x00000000a5a00000, 0x00000000a5a00000|100%| E|CS|TAMS 0x00000000a5900000| PB 0x00000000a5900000| Complete 
|  90|0x00000000a5a00000, 0x00000000a5b00000, 0x00000000a5b00000|100%| E|CS|TAMS 0x00000000a5a00000| PB 0x00000000a5a00000| Complete 
|  91|0x00000000a5b00000, 0x00000000a5c00000, 0x00000000a5c00000|100%| E|CS|TAMS 0x00000000a5b00000| PB 0x00000000a5b00000| Complete 
|  92|0x00000000a5c00000, 0x00000000a5d00000, 0x00000000a5d00000|100%| E|CS|TAMS 0x00000000a5c00000| PB 0x00000000a5c00000| Complete 
|  93|0x00000000a5d00000, 0x00000000a5e00000, 0x00000000a5e00000|100%| E|CS|TAMS 0x00000000a5d00000| PB 0x00000000a5d00000| Complete 
| 227|0x00000000ae300000, 0x00000000ae400000, 0x00000000ae400000|100%| E|CS|TAMS 0x00000000ae300000| PB 0x00000000ae300000| Complete 
| 244|0x00000000af400000, 0x00000000af500000, 0x00000000af500000|100%| E|CS|TAMS 0x00000000af400000| PB 0x00000000af400000| Complete 
| 245|0x00000000af500000, 0x00000000af600000, 0x00000000af600000|100%| E|CS|TAMS 0x00000000af500000| PB 0x00000000af500000| Complete 
|1533|0x00000000ffd00000, 0x00000000ffe00000, 0x00000000ffe00000|100%| O|  |TAMS 0x00000000ffd00000| PB 0x00000000ffd00000| Untracked 
|1534|0x00000000ffe00000, 0x00000000fff00000, 0x00000000fff00000|100%| O|  |TAMS 0x00000000ffe00000| PB 0x00000000ffe00000| Untracked 
|1535|0x00000000fff00000, 0x0000000100000000, 0x0000000100000000|100%| O|  |TAMS 0x00000000fff00000| PB 0x00000000fff00000| Untracked 

Card table byte_map: [0x000001ef5cb70000,0x000001ef5ce70000] _byte_map_base: 0x000001ef5c670000

Marking Bits: (CMBitMap*) 0x000001ef44bebba0
 Bits: [0x000001ef5ce70000, 0x000001ef5e670000)

Polling page: 0x000001ef42b60000

Metaspace:

Usage:
  Non-class:     67.36 MB used.
      Class:     10.70 MB used.
       Both:     78.06 MB used.

Virtual space:
  Non-class space:      128.00 MB reserved,      67.69 MB ( 53%) committed,  2 nodes.
      Class space:        1.00 GB reserved,      11.00 MB (  1%) committed,  1 nodes.
             Both:        1.12 GB reserved,      78.69 MB (  7%) committed. 

Chunk freelists:
   Non-Class:  11.62 MB
       Class:  5.05 MB
        Both:  16.67 MB

MaxMetaspaceSize: unlimited
CompressedClassSpaceSize: 1.00 GB
Initial GC threshold: 21.00 MB
Current GC threshold: 98.69 MB
CDS: on
 - commit_granule_bytes: 65536.
 - commit_granule_words: 8192.
 - virtual_space_node_default_size: 8388608.
 - enlarge_chunks_in_place: 1.
 - use_allocation_guard: 0.


Internal statistics:

num_allocs_failed_limit: 11.
num_arena_births: 672.
num_arena_deaths: 0.
num_vsnodes_births: 3.
num_vsnodes_deaths: 0.
num_space_committed: 1254.
num_space_uncommitted: 0.
num_chunks_returned_to_freelist: 11.
num_chunks_taken_from_freelist: 4239.
num_chunk_merges: 8.
num_chunk_splits: 2663.
num_chunks_enlarged: 1439.
num_inconsistent_stats: 0.

CodeHeap 'non-profiled nmethods': size=119168Kb used=6525Kb max_used=6525Kb free=112642Kb
 bounds [0x000001ef54b90000, 0x000001ef551f0000, 0x000001ef5bff0000]
CodeHeap 'profiled nmethods': size=119104Kb used=21061Kb max_used=21061Kb free=98042Kb
 bounds [0x000001ef4cff0000, 0x000001ef4e490000, 0x000001ef54440000]
CodeHeap 'non-nmethods': size=7488Kb used=3527Kb max_used=3569Kb free=3960Kb
 bounds [0x000001ef54440000, 0x000001ef547d0000, 0x000001ef54b90000]
 total_blobs=11113 nmethods=10324 adapters=686
 compilation: enabled
              stopped_count=0, restarted_count=0
 full_count=0

Compilation events (20 events):
Event: 4.047 Thread 0x000001ef61a9c440 nmethod 10398 0x000001ef551ba390 code [0x000001ef551ba520, 0x000001ef551ba5e8]
Event: 4.047 Thread 0x000001ef61a9c440 10399       1       scala.util.hashing.MurmurHash3$::mapSeed (5 bytes)
Event: 4.047 Thread 0x000001ef61a9c440 nmethod 10399 0x000001ef551ba690 code [0x000001ef551ba820, 0x000001ef551ba8e8]
Event: 4.047 Thread 0x000001ef61a9c440 10400       1       scala.tools.nsc.typechecker.Analyzer$typerFactory$TyperPhase::keepsTypeParams (2 bytes)
Event: 4.048 Thread 0x000001ef61a9c440 nmethod 10400 0x000001ef551ba990 code [0x000001ef551bab20, 0x000001ef551babe8]
Event: 4.048 Thread 0x000001ef61824fb0 10401       3       scala.reflect.internal.Symbols$MethodSymbol::isMethod (5 bytes)
Event: 4.048 Thread 0x000001ef617265f0 10402       3       scala.reflect.api.Symbols$MethodSymbolApi::isMethod$ (5 bytes)
Event: 4.048 Thread 0x000001ef617265f0 nmethod 10402 0x000001ef4e3cc590 code [0x000001ef4e3cc740, 0x000001ef4e3cc8f0]
Event: 4.048 Thread 0x000001ef61824fb0 nmethod 10401 0x000001ef4e3cca10 code [0x000001ef4e3ccbc0, 0x000001ef4e3ccd88]
Event: 4.048 Thread 0x000001ef6d128210 10403       4       scala.collection.AbstractTraversable::map (7 bytes)
Event: 4.049 Thread 0x000001ef6d128210 nmethod 10403 0x000001ef551bac90 code [0x000001ef551bae40, 0x000001ef551bafd8]
Event: 4.049 Thread 0x000001ef67236ac0 10404       4       scala.collection.TraversableLike$WithFilter$$Lambda/0x000001ef01698858::apply (13 bytes)
Event: 4.050 Thread 0x000001ef672341e0 10405 %     4       scala.reflect.internal.Scopes$Scope::unlink @ 39 (181 bytes)
Event: 4.050 Thread 0x000001ef6d128210 10406       4       scala.reflect.internal.Symbols$ClassSymbol::companionModule (5 bytes)
Event: 4.050 Thread 0x000001ef61979dd0 10407       3       scala.reflect.internal.Symbols$ClassSymbol::isTrait (7 bytes)
Event: 4.050 Thread 0x000001ef61979dd0 nmethod 10407 0x000001ef4e3cce90 code [0x000001ef4e3cd040, 0x000001ef4e3cd3a0]
Event: 4.051 Thread 0x000001ef67236ac0 nmethod 10404 0x000001ef551bb210 code [0x000001ef551bb3e0, 0x000001ef551bb600]
Event: 4.051 Thread 0x000001ef67234f80 nmethod 10391 0x000001ef551bb890 code [0x000001ef551bbaa0, 0x000001ef551bbee8]
Event: 4.051 Thread 0x000001ef61979dd0 10408       3       scala.reflect.internal.AnnotationInfos$AnnotationInfo::symbol (8 bytes)
Event: 4.051 Thread 0x000001ef61979dd0 nmethod 10408 0x000001ef4e3cd510 code [0x000001ef4e3cd6e0, 0x000001ef4e3cd978]

GC Heap History (20 events):
Event: 0.819 GC heap before
{Heap before GC invocations=4 (full 0):
 garbage-first heap   total 40960K, used 38724K [0x00000000a0000000, 0x0000000100000000)
  region size 1024K, 32 young (32768K), 2 survivors (2048K)
 Metaspace       used 28832K, committed 29184K, reserved 1114112K
  class space    used 3527K, committed 3648K, reserved 1048576K
}
Event: 0.821 GC heap after
{Heap after GC invocations=5 (full 0):
 garbage-first heap   total 44032K, used 10683K [0x00000000a0000000, 0x0000000100000000)
  region size 1024K, 3 young (3072K), 3 survivors (3072K)
 Metaspace       used 28832K, committed 29184K, reserved 1114112K
  class space    used 3527K, committed 3648K, reserved 1048576K
}
Event: 1.011 GC heap before
{Heap before GC invocations=5 (full 0):
 garbage-first heap   total 44032K, used 33211K [0x00000000a0000000, 0x0000000100000000)
  region size 1024K, 25 young (25600K), 3 survivors (3072K)
 Metaspace       used 34273K, committed 34624K, reserved 1114112K
  class space    used 4317K, committed 4480K, reserved 1048576K
}
Event: 1.012 GC heap after
{Heap after GC invocations=6 (full 0):
 garbage-first heap   total 44032K, used 12407K [0x00000000a0000000, 0x0000000100000000)
  region size 1024K, 4 young (4096K), 4 survivors (4096K)
 Metaspace       used 34273K, committed 34624K, reserved 1114112K
  class space    used 4317K, committed 4480K, reserved 1048576K
}
Event: 1.046 GC heap before
{Heap before GC invocations=6 (full 0):
 garbage-first heap   total 44032K, used 17527K [0x00000000a0000000, 0x0000000100000000)
  region size 1024K, 10 young (10240K), 4 survivors (4096K)
 Metaspace       used 35726K, committed 36096K, reserved 1114112K
  class space    used 4546K, committed 4736K, reserved 1048576K
}
Event: 1.048 GC heap after
{Heap after GC invocations=7 (full 0):
 garbage-first heap   total 44032K, used 13772K [0x00000000a0000000, 0x0000000100000000)
  region size 1024K, 3 young (3072K), 3 survivors (3072K)
 Metaspace       used 35726K, committed 36096K, reserved 1114112K
  class space    used 4546K, committed 4736K, reserved 1048576K
}
Event: 1.227 GC heap before
{Heap before GC invocations=8 (full 0):
 garbage-first heap   total 44032K, used 35276K [0x00000000a0000000, 0x0000000100000000)
  region size 1024K, 25 young (25600K), 3 survivors (3072K)
 Metaspace       used 41688K, committed 42048K, reserved 1114112K
  class space    used 5395K, committed 5568K, reserved 1048576K
}
Event: 1.229 GC heap after
{Heap after GC invocations=9 (full 0):
 garbage-first heap   total 44032K, used 14535K [0x00000000a0000000, 0x0000000100000000)
  region size 1024K, 4 young (4096K), 4 survivors (4096K)
 Metaspace       used 41688K, committed 42048K, reserved 1114112K
  class space    used 5395K, committed 5568K, reserved 1048576K
}
Event: 1.486 GC heap before
{Heap before GC invocations=9 (full 0):
 garbage-first heap   total 44032K, used 36039K [0x00000000a0000000, 0x0000000100000000)
  region size 1024K, 25 young (25600K), 4 survivors (4096K)
 Metaspace       used 46096K, committed 46528K, reserved 1114112K
  class space    used 6020K, committed 6208K, reserved 1048576K
}
Event: 1.489 GC heap after
{Heap after GC invocations=10 (full 0):
 garbage-first heap   total 148480K, used 17036K [0x00000000a0000000, 0x0000000100000000)
  region size 1024K, 4 young (4096K), 4 survivors (4096K)
 Metaspace       used 46096K, committed 46528K, reserved 1114112K
  class space    used 6020K, committed 6208K, reserved 1048576K
}
Event: 2.096 GC heap before
{Heap before GC invocations=10 (full 0):
 garbage-first heap   total 148480K, used 96908K [0x00000000a0000000, 0x0000000100000000)
  region size 1024K, 84 young (86016K), 4 survivors (4096K)
 Metaspace       used 59928K, committed 60480K, reserved 1114112K
  class space    used 8128K, committed 8384K, reserved 1048576K
}
Event: 2.100 GC heap after
{Heap after GC invocations=11 (full 0):
 garbage-first heap   total 148480K, used 24712K [0x00000000a0000000, 0x0000000100000000)
  region size 1024K, 11 young (11264K), 11 survivors (11264K)
 Metaspace       used 59928K, committed 60480K, reserved 1114112K
  class space    used 8128K, committed 8384K, reserved 1048576K
}
Event: 2.518 GC heap before
{Heap before GC invocations=12 (full 0):
 garbage-first heap   total 96256K, used 69768K [0x00000000a0000000, 0x0000000100000000)
  region size 1024K, 56 young (57344K), 11 survivors (11264K)
 Metaspace       used 65238K, committed 65792K, reserved 1114112K
  class space    used 9047K, committed 9280K, reserved 1048576K
}
Event: 2.522 GC heap after
{Heap after GC invocations=13 (full 0):
 garbage-first heap   total 96256K, used 27544K [0x00000000a0000000, 0x0000000100000000)
  region size 1024K, 4 young (4096K), 4 survivors (4096K)
 Metaspace       used 65238K, committed 65792K, reserved 1114112K
  class space    used 9047K, committed 9280K, reserved 1048576K
}
Event: 2.749 GC heap before
{Heap before GC invocations=13 (full 0):
 garbage-first heap   total 96256K, used 93080K [0x00000000a0000000, 0x0000000100000000)
  region size 1024K, 29 young (29696K), 4 survivors (4096K)
 Metaspace       used 67933K, committed 68544K, reserved 1114112K
  class space    used 9414K, committed 9664K, reserved 1048576K
}
Event: 2.750 GC heap after
{Heap after GC invocations=14 (full 0):
 garbage-first heap   total 99328K, used 27412K [0x00000000a0000000, 0x0000000100000000)
  region size 1024K, 3 young (3072K), 3 survivors (3072K)
 Metaspace       used 67933K, committed 68544K, reserved 1114112K
  class space    used 9414K, committed 9664K, reserved 1048576K
}
Event: 3.296 GC heap before
{Heap before GC invocations=14 (full 0):
 garbage-first heap   total 99328K, used 81684K [0x00000000a0000000, 0x0000000100000000)
  region size 1024K, 57 young (58368K), 3 survivors (3072K)
 Metaspace       used 75083K, committed 75712K, reserved 1179648K
  class space    used 10349K, committed 10624K, reserved 1048576K
}
Event: 3.303 GC heap after
{Heap after GC invocations=15 (full 0):
 garbage-first heap   total 102400K, used 43123K [0x00000000a0000000, 0x0000000100000000)
  region size 1024K, 8 young (8192K), 8 survivors (8192K)
 Metaspace       used 75083K, committed 75712K, reserved 1179648K
  class space    used 10349K, committed 10624K, reserved 1048576K
}
Event: 3.922 GC heap before
{Heap before GC invocations=15 (full 0):
 garbage-first heap   total 102400K, used 79987K [0x00000000a0000000, 0x0000000100000000)
  region size 1024K, 44 young (45056K), 8 survivors (8192K)
 Metaspace       used 78873K, committed 79488K, reserved 1179648K
  class space    used 10789K, committed 11072K, reserved 1048576K
}
Event: 3.928 GC heap after
{Heap after GC invocations=16 (full 0):
 garbage-first heap   total 102400K, used 51799K [0x00000000a0000000, 0x0000000100000000)
  region size 1024K, 6 young (6144K), 6 survivors (6144K)
 Metaspace       used 78873K, committed 79488K, reserved 1179648K
  class space    used 10789K, committed 11072K, reserved 1048576K
}

Dll operation events (12 events):
Event: 0.005 Loaded shared library C:\Program Files\Java\jdk-21\bin\java.dll
Event: 0.032 Loaded shared library C:\Program Files\Java\jdk-21\bin\jsvml.dll
Event: 0.043 Loaded shared library C:\Program Files\Java\jdk-21\bin\net.dll
Event: 0.044 Loaded shared library C:\Program Files\Java\jdk-21\bin\nio.dll
Event: 0.049 Loaded shared library C:\Program Files\Java\jdk-21\bin\zip.dll
Event: 0.121 Loaded shared library C:\Program Files\Java\jdk-21\bin\jimage.dll
Event: 0.668 Loaded shared library C:\Users\harui\AppData\Local\Temp\jna-3599307\jna10277592227067115947.dll
Event: 0.763 Loaded shared library C:\Program Files\Java\jdk-21\bin\extnet.dll
Event: 0.847 Loaded shared library C:\Users\harui\AppData\Local\Temp\jansi-2.1.0-2758dea446d19da9-jansi.dll
Event: 1.036 Loaded shared library C:\Program Files\Java\jdk-21\bin\management.dll
Event: 1.039 Loaded shared library C:\Program Files\Java\jdk-21\bin\management_ext.dll
Event: 1.750 Loaded shared library C:\Users\harui\AppData\Local\Temp\.sbtf5d2f3fe\swoval\swoval-jni\5918202435753654867-swoval-files0.dll

Deoptimization events (20 events):
Event: 4.011 Thread 0x000001ef4298b0d0 Uncommon trap: trap_request=0xffffffc6 fr.pc=0x000001ef551a2598 relative=0x0000000000000718
Event: 4.011 Thread 0x000001ef4298b0d0 Uncommon trap: reason=bimorphic_or_optimized_type_check action=maybe_recompile pc=0x000001ef551a2598 method=scala.reflect.internal.tpe.TypeMaps$SubstMap.apply(Lscala/reflect/internal/Types$Type;)Lscala/reflect/internal/Types$Type; @ 18 c2
Event: 4.011 Thread 0x000001ef4298b0d0 DEOPT PACKING pc=0x000001ef551a2598 sp=0x000000e4d26f97e0
Event: 4.011 Thread 0x000001ef4298b0d0 DEOPT UNPACKING pc=0x000001ef544946a2 sp=0x000000e4d26f96e8 mode 2
Event: 4.011 Thread 0x000001ef4298b0d0 Uncommon trap: trap_request=0xffffffc6 fr.pc=0x000001ef551a2598 relative=0x0000000000000718
Event: 4.011 Thread 0x000001ef4298b0d0 Uncommon trap: reason=bimorphic_or_optimized_type_check action=maybe_recompile pc=0x000001ef551a2598 method=scala.reflect.internal.tpe.TypeMaps$SubstMap.apply(Lscala/reflect/internal/Types$Type;)Lscala/reflect/internal/Types$Type; @ 18 c2
Event: 4.011 Thread 0x000001ef4298b0d0 DEOPT PACKING pc=0x000001ef551a2598 sp=0x000000e4d26f9140
Event: 4.011 Thread 0x000001ef4298b0d0 DEOPT UNPACKING pc=0x000001ef544946a2 sp=0x000000e4d26f9038 mode 2
Event: 4.013 Thread 0x000001ef4298b0d0 Uncommon trap: trap_request=0xffffffde fr.pc=0x000001ef5510aa74 relative=0x00000000000000b4
Event: 4.013 Thread 0x000001ef4298b0d0 Uncommon trap: reason=class_check action=maybe_recompile pc=0x000001ef5510aa74 method=scala.reflect.internal.tpe.TypeMaps$SubstMap.apply(Ljava/lang/Object;)Ljava/lang/Object; @ 5 c2
Event: 4.013 Thread 0x000001ef4298b0d0 DEOPT PACKING pc=0x000001ef5510aa74 sp=0x000000e4d26f92e0
Event: 4.013 Thread 0x000001ef4298b0d0 DEOPT UNPACKING pc=0x000001ef544946a2 sp=0x000000e4d26f9268 mode 2
Event: 4.014 Thread 0x000001ef4298b0d0 Uncommon trap: trap_request=0xffffffde fr.pc=0x000001ef5510aa74 relative=0x00000000000000b4
Event: 4.014 Thread 0x000001ef4298b0d0 Uncommon trap: reason=class_check action=maybe_recompile pc=0x000001ef5510aa74 method=scala.reflect.internal.tpe.TypeMaps$SubstMap.apply(Ljava/lang/Object;)Ljava/lang/Object; @ 5 c2
Event: 4.014 Thread 0x000001ef4298b0d0 DEOPT PACKING pc=0x000001ef5510aa74 sp=0x000000e4d26f92e0
Event: 4.014 Thread 0x000001ef4298b0d0 DEOPT UNPACKING pc=0x000001ef544946a2 sp=0x000000e4d26f9268 mode 2
Event: 4.014 Thread 0x000001ef4298b0d0 Uncommon trap: trap_request=0xffffffde fr.pc=0x000001ef5510aa74 relative=0x00000000000000b4
Event: 4.014 Thread 0x000001ef4298b0d0 Uncommon trap: reason=class_check action=maybe_recompile pc=0x000001ef5510aa74 method=scala.reflect.internal.tpe.TypeMaps$SubstMap.apply(Ljava/lang/Object;)Ljava/lang/Object; @ 5 c2
Event: 4.014 Thread 0x000001ef4298b0d0 DEOPT PACKING pc=0x000001ef5510aa74 sp=0x000000e4d26f92e0
Event: 4.014 Thread 0x000001ef4298b0d0 DEOPT UNPACKING pc=0x000001ef544946a2 sp=0x000000e4d26f9268 mode 2

Classes loaded (20 events):
Event: 2.906 Loading class com/sun/org/apache/xerces/internal/impl/Constants
Event: 2.907 Loading class com/sun/org/apache/xerces/internal/impl/Constants done
Event: 2.907 Loading class com/sun/org/apache/xerces/internal/impl/Constants$ArrayEnumeration
Event: 2.907 Loading class com/sun/org/apache/xerces/internal/impl/Constants$ArrayEnumeration done
Event: 2.907 Loading class com/sun/org/apache/xerces/internal/impl/XMLScanner$NameType
Event: 2.907 Loading class com/sun/org/apache/xerces/internal/impl/XMLScanner$NameType done
Event: 2.908 Loading class com/sun/org/apache/xerces/internal/impl/io/MalformedByteSequenceException
Event: 2.908 Loading class java/io/CharConversionException
Event: 2.908 Loading class java/io/CharConversionException done
Event: 2.908 Loading class com/sun/org/apache/xerces/internal/impl/io/MalformedByteSequenceException done
Event: 2.918 Loading class java/util/IdentityHashMap$EntrySet
Event: 2.918 Loading class java/util/IdentityHashMap$EntrySet done
Event: 2.918 Loading class java/util/IdentityHashMap$EntryIterator
Event: 2.918 Loading class java/util/IdentityHashMap$EntryIterator done
Event: 2.918 Loading class java/util/IdentityHashMap$EntryIterator$Entry
Event: 2.918 Loading class java/util/IdentityHashMap$EntryIterator$Entry done
Event: 3.908 Loading class java/nio/StringCharBuffer
Event: 3.908 Loading class java/nio/StringCharBuffer done
Event: 3.914 Loading class java/lang/Deprecated
Event: 3.914 Loading class java/lang/Deprecated done

Classes unloaded (0 events):
No events

Classes redefined (0 events):
No events

Internal exceptions (20 events):
Event: 2.955 Thread 0x000001ef4298b0d0 Exception <a 'sun/nio/fs/WindowsException'{0x00000000a4b1c0c8}> (0x00000000a4b1c0c8) 
thrown [s\open\src\hotspot\share\prims\jni.cpp, line 520]
Event: 2.955 Thread 0x000001ef4298b0d0 Exception <a 'sun/nio/fs/WindowsException'{0x00000000a4b249f8}> (0x00000000a4b249f8) 
thrown [s\open\src\hotspot\share\prims\jni.cpp, line 520]
Event: 2.985 Thread 0x000001ef4298b0d0 Exception <a 'sun/nio/fs/WindowsException'{0x00000000a49bbde8}> (0x00000000a49bbde8) 
thrown [s\open\src\hotspot\share\prims\jni.cpp, line 520]
Event: 3.368 Thread 0x000001ef4298b0d0 Implicit null exception at 0x000001ef5507fd7c to 0x000001ef55081474
Event: 3.564 Thread 0x000001ef4298b0d0 Exception <a 'java/lang/NoSuchMethodError'{0x00000000a5061db0}: 'java.lang.Object java.lang.invoke.DirectMethodHandle$Holder.newInvokeSpecial(java.lang.Object, java.lang.Object, java.lang.Object, java.lang.Object, int)'> (0x00000000a5061db0) 
thrown [s\open\src\hotspot\share\interpreter\linkResolver.cpp, line 773]
Event: 3.565 Thread 0x000001ef4298b0d0 Exception <a 'java/lang/NoSuchMethodError'{0x00000000a5066e30}: 'java.lang.Object java.lang.invoke.DirectMethodHandle$Holder.invokeSpecial(java.lang.Object, java.lang.Object, java.lang.Object, java.lang.Object, java.lang.Object, int)'> (0x00000000a5066e30) 
thrown [s\open\src\hotspot\share\interpreter\linkResolver.cpp, line 773]
Event: 3.565 Thread 0x000001ef4298b0d0 Exception <a 'java/lang/NoSuchMethodError'{0x00000000a506bb00}: 'java.lang.Object java.lang.invoke.Invokers$Holder.linkToTargetMethod(java.lang.Object, java.lang.Object, java.lang.Object, int, java.lang.Object)'> (0x00000000a506bb00) 
thrown [s\open\src\hotspot\share\interpreter\linkResolver.cpp, line 773]
Event: 3.589 Thread 0x000001ef4298b0d0 Implicit null exception at 0x000001ef54c61c67 to 0x000001ef54c620d4
Event: 3.589 Thread 0x000001ef4298b0d0 Implicit null exception at 0x000001ef54c27e6d to 0x000001ef54c28018
Event: 3.589 Thread 0x000001ef4298b0d0 Exception <a 'java/lang/NoSuchMethodError'{0x00000000a4f74150}: 'java.lang.ClassLoader java.lang.ClassLoader.getPlatformClassLoader(java.lang.Class)'> (0x00000000a4f74150) 
thrown [s\open\src\hotspot\share\interpreter\linkResolver.cpp, line 773]
Event: 3.590 Thread 0x000001ef4298b0d0 Exception <a 'java/lang/NoSuchMethodError'{0x00000000a4f799f0}: 'void java.lang.invoke.DirectMethodHandle$Holder.invokeStatic(java.lang.Object, java.lang.Object, int, java.lang.Object)'> (0x00000000a4f799f0) 
thrown [s\open\src\hotspot\share\interpreter\linkResolver.cpp, line 773]
Event: 3.590 Thread 0x000001ef4298b0d0 Exception <a 'java/lang/NoSuchMethodError'{0x00000000a4f810d8}: 'void java.lang.invoke.DelegatingMethodHandle$Holder.delegate(java.lang.Object, java.lang.Object, int, java.lang.Object)'> (0x00000000a4f810d8) 
thrown [s\open\src\hotspot\share\interpreter\linkResolver.cpp, line 773]
Event: 3.695 Thread 0x000001ef4298b0d0 Exception <a 'java/lang/NoSuchMethodError'{0x00000000a466fb30}: 'java.lang.Object java.lang.invoke.DirectMethodHandle$Holder.newInvokeSpecial(java.lang.Object, int, int, java.lang.Object)'> (0x00000000a466fb30) 
thrown [s\open\src\hotspot\share\interpreter\linkResolver.cpp, line 773]
Event: 3.696 Thread 0x000001ef4298b0d0 Exception <a 'java/lang/NoSuchMethodError'{0x00000000a4674118}: 'java.lang.Object java.lang.invoke.DirectMethodHandle$Holder.invokeSpecial(java.lang.Object, java.lang.Object, int, int, java.lang.Object)'> (0x00000000a4674118) 
thrown [s\open\src\hotspot\share\interpreter\linkResolver.cpp, line 773]
Event: 3.885 Thread 0x000001ef4298b0d0 Exception <a 'java/lang/NoSuchMethodError'{0x00000000a3fb0600}: 'java.lang.Object java.lang.invoke.DirectMethodHandle$Holder.newInvokeSpecial(java.lang.Object, java.lang.Object, java.lang.Object, int, java.lang.Object, java.lang.Object, java.lang.Object, java.lang.Object)'> (0x00000000a3fb0600) 
thrown [s\open\src\hotspot\share\interpreter\linkResolver.cpp, line 773]
Event: 3.886 Thread 0x000001ef4298b0d0 Exception <a 'java/lang/NoSuchMethodError'{0x00000000a3fb54e0}: 'java.lang.Object java.lang.invoke.DirectMethodHandle$Holder.invokeSpecial(java.lang.Object, java.lang.Object, java.lang.Object, java.lang.Object, int, java.lang.Object, java.lang.Object, java.lang.Object, java.lang.Object)'> (0x00000000a3fb54e0) 
thrown [s\open\src\hotspot\share\interpreter\linkResolver.cpp, line 773]
Event: 3.895 Thread 0x000001ef4298b0d0 Exception <a 'java/lang/NoSuchMethodError'{0x00000000a3e4add0}: 'java.lang.Object java.lang.invoke.DirectMethodHandle$Holder.newInvokeSpecial(java.lang.Object, java.lang.Object, java.lang.Object, java.lang.Object, java.lang.Object, int, java.lang.Object)'> (0x00000000a3e4add0) 
thrown [s\open\src\hotspot\share\interpreter\linkResolver.cpp, line 773]
Event: 3.895 Thread 0x000001ef4298b0d0 Exception <a 'java/lang/NoSuchMethodError'{0x00000000a3e530c0}: 'java.lang.Object java.lang.invoke.Invokers$Holder.linkToTargetMethod(java.lang.Object, java.lang.Object, java.lang.Object, java.lang.Object, int, java.lang.Object, java.lang.Object)'> (0x00000000a3e530c0) 
thrown [s\open\src\hotspot\share\interpreter\linkResolver.cpp, line 773]
Event: 3.910 Thread 0x000001ef4298b0d0 Implicit null exception at 0x000001ef550b34c0 to 0x000001ef550b3700
Event: 3.945 Thread 0x000001ef4298b0d0 Exception <a 'java/lang/NoSuchMethodError'{0x00000000af454ee8}: 'java.lang.Object java.lang.invoke.DirectMethodHandle$Holder.newInvokeSpecial(java.lang.Object, java.lang.Object, java.lang.Object, java.lang.Object, java.lang.Object, java.lang.Object, java.lang.Object, java.lang.Object, java.lang.Object)'> (0x00000000af454ee8) 
thrown [s\open\src\hotspot\share\interpreter\linkResolver.cpp, line 773]

ZGC Phase Switch (0 events):
No events

VM Operations (20 events):
Event: 3.592 Executing VM operation: ICBufferFull
Event: 3.592 Executing VM operation: ICBufferFull done
Event: 3.738 Executing VM operation: ICBufferFull
Event: 3.738 Executing VM operation: ICBufferFull done
Event: 3.827 Executing VM operation: ICBufferFull
Event: 3.827 Executing VM operation: ICBufferFull done
Event: 3.909 Executing VM operation: HandshakeAllThreads (Deoptimize)
Event: 3.909 Executing VM operation: HandshakeAllThreads (Deoptimize) done
Event: 3.910 Executing VM operation: HandshakeAllThreads (Deoptimize)
Event: 3.910 Executing VM operation: HandshakeAllThreads (Deoptimize) done
Event: 3.920 Executing VM operation: HandshakeAllThreads (Deoptimize)
Event: 3.920 Executing VM operation: HandshakeAllThreads (Deoptimize) done
Event: 3.922 Executing VM operation: G1CollectForAllocation (G1 Evacuation Pause)
Event: 3.928 Executing VM operation: G1CollectForAllocation (G1 Evacuation Pause) done
Event: 3.943 Executing VM operation: HandshakeAllThreads (Deoptimize)
Event: 3.943 Executing VM operation: HandshakeAllThreads (Deoptimize) done
Event: 3.992 Executing VM operation: HandshakeAllThreads (Deoptimize)
Event: 3.992 Executing VM operation: HandshakeAllThreads (Deoptimize) done
Event: 4.017 Executing VM operation: ICBufferFull
Event: 4.017 Executing VM operation: ICBufferFull done

Events (20 events):
Event: 2.779 Thread 0x000001ef67235650 Thread exited: 0x000001ef67235650
Event: 2.931 Thread 0x000001ef69cbd4e0 Thread exited: 0x000001ef69cbd4e0
Event: 2.931 Thread 0x000001ef69cbb410 Thread exited: 0x000001ef69cbb410
Event: 2.931 Thread 0x000001ef69cc23a0 Thread exited: 0x000001ef69cc23a0
Event: 2.931 Thread 0x000001ef69cbf5b0 Thread exited: 0x000001ef69cbf5b0
Event: 2.931 Thread 0x000001ef69cbfc40 Thread exited: 0x000001ef69cbfc40
Event: 2.931 Thread 0x000001ef69cbad80 Thread exited: 0x000001ef69cbad80
Event: 2.931 Thread 0x000001ef6f81dc80 Thread exited: 0x000001ef6f81dc80
Event: 2.931 Thread 0x000001ef69cbc7c0 Thread exited: 0x000001ef69cbc7c0
Event: 2.931 Thread 0x000001ef69cc0960 Thread exited: 0x000001ef69cc0960
Event: 2.931 Thread 0x000001ef69cc1d10 Thread exited: 0x000001ef69cc1d10
Event: 2.931 Thread 0x000001ef69cbc130 Thread exited: 0x000001ef69cbc130
Event: 2.931 Thread 0x000001ef69cbe200 Thread exited: 0x000001ef69cbe200
Event: 2.931 Thread 0x000001ef69cbce50 Thread exited: 0x000001ef69cbce50
Event: 2.931 Thread 0x000001ef69cbef20 Thread exited: 0x000001ef69cbef20
Event: 2.931 Thread 0x000001ef69cbdb70 Thread exited: 0x000001ef69cbdb70
Event: 2.931 Thread 0x000001ef69cc0ff0 Thread exited: 0x000001ef69cc0ff0
Event: 2.931 Thread 0x000001ef69cbbaa0 Thread exited: 0x000001ef69cbbaa0
Event: 3.444 Thread 0x000001ef6d123050 Thread added: 0x000001ef6d123050
Event: 3.490 Thread 0x000001ef6d128210 Thread added: 0x000001ef6d128210


Dynamic libraries:
0x00007ff6f59e0000 - 0x00007ff6f59ee000 	C:\Program Files\Java\jdk-21\bin\java.exe
0x00007ffc00550000 - 0x00007ffc00767000 	C:\WINDOWS\SYSTEM32\ntdll.dll
0x00007ffbfefc0000 - 0x00007ffbff084000 	C:\WINDOWS\System32\KERNEL32.DLL
0x00007ffbfdb20000 - 0x00007ffbfdec6000 	C:\WINDOWS\System32\KERNELBASE.dll
0x00007ffbfe180000 - 0x00007ffbfe291000 	C:\WINDOWS\System32\ucrtbase.dll
0x00007ffbed570000 - 0x00007ffbed58b000 	C:\Program Files\Java\jdk-21\bin\VCRUNTIME140.dll
0x00007ffbed550000 - 0x00007ffbed568000 	C:\Program Files\Java\jdk-21\bin\jli.dll
0x00007ffbffb30000 - 0x00007ffbffcde000 	C:\WINDOWS\System32\USER32.dll
0x00007ffbfe150000 - 0x00007ffbfe176000 	C:\WINDOWS\System32\win32u.dll
0x00007ffc003a0000 - 0x00007ffc003c9000 	C:\WINDOWS\System32\GDI32.dll
0x00007ffbfcae0000 - 0x00007ffbfcd73000 	C:\WINDOWS\WinSxS\amd64_microsoft.windows.common-controls_6595b64144ccf1df_6.0.22621.2506_none_270c5ae97388e100\COMCTL32.dll
0x00007ffbfd8c0000 - 0x00007ffbfd9d8000 	C:\WINDOWS\System32\gdi32full.dll
0x00007ffbffde0000 - 0x00007ffbffe87000 	C:\WINDOWS\System32\msvcrt.dll
0x00007ffbfe0b0000 - 0x00007ffbfe14a000 	C:\WINDOWS\System32\msvcp_win.dll
0x00007ffc00440000 - 0x00007ffc00471000 	C:\WINDOWS\System32\IMM32.DLL
0x00007ffbed540000 - 0x00007ffbed54c000 	C:\Program Files\Java\jdk-21\bin\vcruntime140_1.dll
0x00007ffbed240000 - 0x00007ffbed2ce000 	C:\Program Files\Java\jdk-21\bin\msvcp140.dll
0x00007ffb5ff00000 - 0x00007ffb60c13000 	C:\Program Files\Java\jdk-21\bin\server\jvm.dll
0x00007ffbfe400000 - 0x00007ffbfe4b1000 	C:\WINDOWS\System32\ADVAPI32.dll
0x00007ffbffee0000 - 0x00007ffbfff85000 	C:\WINDOWS\System32\sechost.dll
0x00007ffbff130000 - 0x00007ffbff247000 	C:\WINDOWS\System32\RPCRT4.dll
0x00007ffbff090000 - 0x00007ffbff101000 	C:\WINDOWS\System32\WS2_32.dll
0x00007ffbfd400000 - 0x00007ffbfd44d000 	C:\WINDOWS\SYSTEM32\POWRPROF.dll
0x00007ffbf4bf0000 - 0x00007ffbf4c24000 	C:\WINDOWS\SYSTEM32\WINMM.dll
0x00007ffbfc0e0000 - 0x00007ffbfc0ea000 	C:\WINDOWS\SYSTEM32\VERSION.dll
0x00007ffbfcec0000 - 0x00007ffbfced3000 	C:\WINDOWS\SYSTEM32\UMPDC.dll
0x00007ffbfba10000 - 0x00007ffbfba28000 	C:\WINDOWS\SYSTEM32\kernel.appcore.dll
0x00007ffbed470000 - 0x00007ffbed47a000 	C:\Program Files\Java\jdk-21\bin\jimage.dll
0x00007ffbfd1c0000 - 0x00007ffbfd3f3000 	C:\WINDOWS\SYSTEM32\DBGHELP.DLL
0x00007ffbff320000 - 0x00007ffbff6a9000 	C:\WINDOWS\System32\combase.dll
0x00007ffbfe300000 - 0x00007ffbfe3d7000 	C:\WINDOWS\System32\OLEAUT32.dll
0x00007ffbfd080000 - 0x00007ffbfd0b2000 	C:\WINDOWS\SYSTEM32\dbgcore.DLL
0x00007ffbfdaa0000 - 0x00007ffbfdb1a000 	C:\WINDOWS\System32\bcryptPrimitives.dll
0x00007ffbed450000 - 0x00007ffbed46f000 	C:\Program Files\Java\jdk-21\bin\java.dll
0x00007ffbfe5c0000 - 0x00007ffbfee1a000 	C:\WINDOWS\System32\SHELL32.dll
0x00007ffbfa8a0000 - 0x00007ffbfb196000 	C:\WINDOWS\SYSTEM32\windows.storage.dll
0x00007ffbfa760000 - 0x00007ffbfa89e000 	C:\WINDOWS\SYSTEM32\wintypes.dll
0x00007ffbfe4c0000 - 0x00007ffbfe5b3000 	C:\WINDOWS\System32\SHCORE.dll
0x00007ffbfe2a0000 - 0x00007ffbfe2fe000 	C:\WINDOWS\System32\shlwapi.dll
0x00007ffbfd7f0000 - 0x00007ffbfd816000 	C:\WINDOWS\SYSTEM32\profapi.dll
0x00007ffbc4c40000 - 0x00007ffbc4d17000 	C:\Program Files\Java\jdk-21\bin\jsvml.dll
0x00007ffbed440000 - 0x00007ffbed450000 	C:\Program Files\Java\jdk-21\bin\net.dll
0x00007ffbf6a20000 - 0x00007ffbf6b57000 	C:\WINDOWS\SYSTEM32\WINHTTP.dll
0x00007ffbfbe00000 - 0x00007ffbfbe69000 	C:\WINDOWS\system32\mswsock.dll
0x00007ffbed420000 - 0x00007ffbed436000 	C:\Program Files\Java\jdk-21\bin\nio.dll
0x00007ffbed400000 - 0x00007ffbed418000 	C:\Program Files\Java\jdk-21\bin\zip.dll
0x00007ffbfd560000 - 0x00007ffbfd57b000 	C:\WINDOWS\SYSTEM32\CRYPTSP.dll
0x00007ffbfb970000 - 0x00007ffbfb9a5000 	C:\WINDOWS\system32\rsaenh.dll
0x00007ffbfbef0000 - 0x00007ffbfbf1c000 	C:\WINDOWS\SYSTEM32\USERENV.dll
0x00007ffbfd190000 - 0x00007ffbfd1b8000 	C:\WINDOWS\SYSTEM32\bcrypt.dll
0x00007ffbfc050000 - 0x00007ffbfc05c000 	C:\WINDOWS\SYSTEM32\CRYPTBASE.dll
0x00007ffbfb470000 - 0x00007ffbfb49d000 	C:\WINDOWS\SYSTEM32\IPHLPAPI.DLL
0x00007ffbffd40000 - 0x00007ffbffd49000 	C:\WINDOWS\System32\NSI.dll
0x00007ffbed0d0000 - 0x00007ffbed115000 	C:\Users\harui\AppData\Local\Temp\jna-3599307\jna10277592227067115947.dll
0x00007ffbff110000 - 0x00007ffbff118000 	C:\WINDOWS\System32\PSAPI.DLL
0x00007ffbe6680000 - 0x00007ffbe6687000 	C:\Program Files\Java\jdk-21\bin\extnet.dll
0x0000000069ac0000 - 0x0000000069b1b000 	C:\Users\harui\AppData\Local\Temp\jansi-2.1.0-2758dea446d19da9-jansi.dll
0x00007ffbed600000 - 0x00007ffbed60a000 	C:\Program Files\Java\jdk-21\bin\management.dll
0x00007ffbed5f0000 - 0x00007ffbed5fb000 	C:\Program Files\Java\jdk-21\bin\management_ext.dll
0x000000006fd00000 - 0x000000006fd07000 	C:\Users\harui\AppData\Local\Temp\.sbtf5d2f3fe\swoval\swoval-jni\5918202435753654867-swoval-files0.dll
0x00007ffbda430000 - 0x00007ffbda447000 	C:\WINDOWS\system32\napinsp.dll
0x00007ffbd77a0000 - 0x00007ffbd77bb000 	C:\WINDOWS\system32\pnrpnsp.dll
0x00007ffbfb4e0000 - 0x00007ffbfb5d9000 	C:\WINDOWS\SYSTEM32\DNSAPI.dll
0x00007ffbd6220000 - 0x00007ffbd6231000 	C:\WINDOWS\System32\winrnr.dll
0x00007ffbf3e00000 - 0x00007ffbf3e15000 	C:\WINDOWS\system32\wshbth.dll
0x00007ffbd61f0000 - 0x00007ffbd6211000 	C:\WINDOWS\system32\nlansp_c.dll
0x00007ffbf5240000 - 0x00007ffbf524a000 	C:\Windows\System32\rasadhlp.dll
0x00007ffbf3920000 - 0x00007ffbf39a3000 	C:\WINDOWS\System32\fwpuclnt.dll

dbghelp: loaded successfully - version: 4.0.5 - missing functions: none
symbol engine: initialized successfully - sym options: 0x614 - pdb path: .;C:\Program Files\Java\jdk-21\bin;C:\WINDOWS\SYSTEM32;C:\WINDOWS\WinSxS\amd64_microsoft.windows.common-controls_6595b64144ccf1df_6.0.22621.2506_none_270c5ae97388e100;C:\Program Files\Java\jdk-21\bin\server;C:\Users\harui\AppData\Local\Temp\jna-3599307;C:\Users\harui\AppData\Local\Temp;C:\Users\harui\AppData\Local\Temp\.sbtf5d2f3fe\swoval\swoval-jni

VM Arguments:
jvm_args: -Xmx1536M -Dsbt.supershell=false -Didea.managed=true -Dfile.encoding=UTF-8 -Didea.installation.dir=C:\Program Files\JetBrains\IntelliJ IDEA Community Edition 2023.2.5 -Dsbt.log.noformat=true -Dsun.stdout.encoding=windows-31j -Dsun.stderr.encoding=windows-31j 
java_command: C:\Users\harui\AppData\Roaming\JetBrains\IdeaIC2023.2\plugins\Scala\launcher\sbt-launch.jar early(addPluginSbtFile="""C:\Users\harui\AppData\Local\Temp\idea5.sbt""") ; set ideaPort in Global := 53667 ; idea-shell
java_class_path (initial): C:\Users\harui\AppData\Roaming\JetBrains\IdeaIC2023.2\plugins\Scala\launcher\sbt-launch.jar
Launcher Type: SUN_STANDARD

[Global flags]
     intx CICompilerCount                          = 12                                        {product} {ergonomic}
     uint ConcGCThreads                            = 3                                         {product} {ergonomic}
     uint G1ConcRefinementThreads                  = 13                                        {product} {ergonomic}
   size_t G1HeapRegionSize                         = 1048576                                   {product} {ergonomic}
    uintx GCDrainStackTargetSize                   = 64                                        {product} {ergonomic}
   size_t InitialHeapSize                          = 257949696                                 {product} {ergonomic}
   size_t MarkStackSize                            = 4194304                                   {product} {ergonomic}
   size_t MaxHeapSize                              = 1610612736                                {product} {command line}
   size_t MaxNewSize                               = 965738496                                 {product} {ergonomic}
   size_t MinHeapDeltaBytes                        = 1048576                                   {product} {ergonomic}
   size_t MinHeapSize                              = 8388608                                   {product} {ergonomic}
    uintx NonNMethodCodeHeapSize                   = 7602480                                {pd product} {ergonomic}
    uintx NonProfiledCodeHeapSize                  = 122027880                              {pd product} {ergonomic}
    uintx ProfiledCodeHeapSize                     = 122027880                              {pd product} {ergonomic}
    uintx ReservedCodeCacheSize                    = 251658240                              {pd product} {ergonomic}
     bool SegmentedCodeCache                       = true                                      {product} {ergonomic}
   size_t SoftMaxHeapSize                          = 1610612736                             {manageable} {ergonomic}
     bool UseCompressedOops                        = true                           {product lp64_product} {ergonomic}
     bool UseG1GC                                  = true                                      {product} {ergonomic}
     bool UseLargePagesIndividualAllocation        = false                                  {pd product} {ergonomic}

Logging:
Log output configuration:
 #0: stdout all=warning uptime,level,tags foldmultilines=false
 #1: stderr all=off uptime,level,tags foldmultilines=false

Environment Variables:
JAVA_HOME=C:\Program Files\Java\jdk-21
PATH=C:\WINDOWS\system32;C:\WINDOWS;C:\WINDOWS\System32\Wbem;C:\WINDOWS\System32\WindowsPowerShell\v1.0\;C:\WINDOWS\System32\OpenSSH\;C:\Program Files\Java\jdk-21\bin;C:\ProgramData\chocolatey\bin;C:\Program Files (x86)\sbt\bin;C:\Program Files\NVIDIA Corporation\NVIDIA NvDLISR;C:\Program Files\MySQL\MySQL Server 8.2\bin;C:\Program Files\Git\cmd;C:\Users\harui\AppData\Local\Programs\Python\Python312\Scripts\;C:\Users\harui\AppData\Local\Programs\Python\Python312\;C:\Users\harui\AppData\Local\Programs\Python\Launcher\;C:\Users\harui\AppData\Local\Microsoft\WindowsApps;;C:\Users\harui\AppData\Local\Programs\Microsoft VS Code\bin
USERNAME=user
OS=Windows_NT
PROCESSOR_IDENTIFIER=AMD64 Family 25 Model 80 Stepping 0, AuthenticAMD
TMP=C:\Users\harui\AppData\Local\Temp
TEMP=C:\Users\harui\AppData\Local\Temp




---------------  S Y S T E M  ---------------

OS:
 Windows 11 , 64 bit Build 22621 (10.0.22621.2506)
OS uptime: 0 days 22:43 hours

CPU: total 16 (initial active 16) (16 cores per cpu, 2 threads per core) family 25 model 80 stepping 0 microcode 0x0, cx8, cmov, fxsr, ht, mmx, 3dnowpref, sse, sse2, sse3, ssse3, sse4a, sse4.1, sse4.2, popcnt, lzcnt, tsc, tscinvbit, avx, avx2, aes, erms, clmul, bmi1, bmi2, adx, sha, fma, vzeroupper, clflush, clflushopt, rdtscp, rdpid, fsrm, f16c, pku, cet_ss
Processor Information for all 16 processors :
  Max Mhz: 3201, Current Mhz: 3201, Mhz Limit: 3201

Memory: 4k page, system-wide physical 15724M (7622M free)
TotalPageFile size 18668M (AvailPageFile size 7750M)
current process WorkingSet (physical memory assigned to process): 441M, peak: 444M
current process commit charge ("private bytes"): 489M, peak: 494M

vm_info: OpenJDK 64-Bit Server VM (21+35-2513) for windows-amd64 JRE (21+35-2513), built on 2023-08-09T20:25:10Z by "mach5one" with MS VC++ 17.1 (VS2022)

END.
